[INFO] Scanning for projects...
[INFO]                                                                         
[INFO] ------------------------------------------------------------------------
[INFO] Building entity 1.0-SNAPSHOT
[INFO] ------------------------------------------------------------------------
[INFO] 
[INFO] --- exec-maven-plugin:3.1.0:java (default-cli) @ entity ---
SLF4J: Class path contains multiple SLF4J bindings.
SLF4J: Found binding in [jar:file:/public/home/blockchain_2/slave2/.m2/repository/org/slf4j/slf4j-reload4j/1.7.36/slf4j-reload4j-1.7.36.jar!/org/slf4j/impl/StaticLoggerBinder.class]
SLF4J: Found binding in [jar:file:/public/home/blockchain_2/slave2/.m2/repository/org/apache/logging/log4j/log4j-slf4j-impl/2.17.1/log4j-slf4j-impl-2.17.1.jar!/org/slf4j/impl/StaticLoggerBinder.class]
SLF4J: See http://www.slf4j.org/codes.html#multiple_bindings for an explanation.
SLF4J: Actual binding is of type [org.slf4j.impl.Reload4jLoggerFactory]
log4j:WARN No appenders could be found for logger (org.apache.commons.beanutils.converters.BooleanConverter).
log4j:WARN Please initialize the log4j system properly.
log4j:WARN See http://logging.apache.org/log4j/1.2/faq.html#noconfig for more info.
Over Processing Init Address


发现 178 个匹配组：
Over Processing Mid Address


发现 0 个匹配组：
[WARNING] thread Thread[Idle-Rpc-Conn-Sweeper-pool-0,5,entity.dec] was interrupted but is still alive after waiting at least 14998msecs
[WARNING] thread Thread[Idle-Rpc-Conn-Sweeper-pool-0,5,entity.dec] will linger despite being asked to die via interruption
[WARNING] thread Thread[RPCClient-NioEventLoopGroup-1-1,5,entity.dec] will linger despite being asked to die via interruption
[WARNING] thread Thread[RpcClient-timer-pool-0,5,entity.dec] will linger despite being asked to die via interruption
[WARNING] thread Thread[RPCClient-NioEventLoopGroup-1-2,5,entity.dec] will linger despite being asked to die via interruption
[WARNING] thread Thread[RPCClient-NioEventLoopGroup-1-3,5,entity.dec] will linger despite being asked to die via interruption
[WARNING] thread Thread[RPCClient-NioEventLoopGroup-1-4,5,entity.dec] will linger despite being asked to die via interruption
[WARNING] thread Thread[RPCClient-NioEventLoopGroup-1-5,5,entity.dec] will linger despite being asked to die via interruption
[WARNING] thread Thread[RPCClient-NioEventLoopGroup-1-6,5,entity.dec] will linger despite being asked to die via interruption
[WARNING] thread Thread[RPCClient-NioEventLoopGroup-1-7,5,entity.dec] will linger despite being asked to die via interruption
[WARNING] thread Thread[RPCClient-NioEventLoopGroup-1-8,5,entity.dec] will linger despite being asked to die via interruption
[WARNING] thread Thread[RPCClient-NioEventLoopGroup-1-9,5,entity.dec] will linger despite being asked to die via interruption
[WARNING] NOTE: 11 thread(s) did not finish despite being asked to via interruption. This is not a problem with exec:java, it is a problem with the running code. Although not serious, it should be remedied.
[WARNING] Couldn't destroy threadgroup org.codehaus.mojo.exec.ExecJavaMojo$IsolatedThreadGroup[name=entity.dec,maxpri=10]
java.lang.IllegalThreadStateException
	at java.lang.ThreadGroup.destroy(ThreadGroup.java:778)
	at org.codehaus.mojo.exec.ExecJavaMojo.execute(ExecJavaMojo.java:319)
	at org.apache.maven.plugin.DefaultBuildPluginManager.executeMojo(DefaultBuildPluginManager.java:134)
	at org.apache.maven.lifecycle.internal.MojoExecutor.execute(MojoExecutor.java:207)
	at org.apache.maven.lifecycle.internal.MojoExecutor.execute(MojoExecutor.java:153)
	at org.apache.maven.lifecycle.internal.MojoExecutor.execute(MojoExecutor.java:145)
	at org.apache.maven.lifecycle.internal.LifecycleModuleBuilder.buildProject(LifecycleModuleBuilder.java:116)
	at org.apache.maven.lifecycle.internal.LifecycleModuleBuilder.buildProject(LifecycleModuleBuilder.java:80)
	at org.apache.maven.lifecycle.internal.builder.singlethreaded.SingleThreadedBuilder.build(SingleThreadedBuilder.java:51)
	at org.apache.maven.lifecycle.internal.LifecycleStarter.execute(LifecycleStarter.java:128)
	at org.apache.maven.DefaultMaven.doExecute(DefaultMaven.java:307)
	at org.apache.maven.DefaultMaven.doExecute(DefaultMaven.java:193)
	at org.apache.maven.DefaultMaven.execute(DefaultMaven.java:106)
	at org.apache.maven.cli.MavenCli.execute(MavenCli.java:863)
	at org.apache.maven.cli.MavenCli.doMain(MavenCli.java:288)
	at org.apache.maven.cli.MavenCli.main(MavenCli.java:199)
	at sun.reflect.NativeMethodAccessorImpl.invoke0(Native Method)
	at sun.reflect.NativeMethodAccessorImpl.invoke(NativeMethodAccessorImpl.java:62)
	at sun.reflect.DelegatingMethodAccessorImpl.invoke(DelegatingMethodAccessorImpl.java:43)
	at java.lang.reflect.Method.invoke(Method.java:498)
	at org.codehaus.plexus.classworlds.launcher.Launcher.launchEnhanced(Launcher.java:289)
	at org.codehaus.plexus.classworlds.launcher.Launcher.launch(Launcher.java:229)
	at org.codehaus.plexus.classworlds.launcher.Launcher.mainWithExitCode(Launcher.java:415)
	at org.codehaus.plexus.classworlds.launcher.Launcher.main(Launcher.java:356)
[INFO] ------------------------------------------------------------------------
[INFO] BUILD SUCCESS
[INFO] ------------------------------------------------------------------------
[INFO] Total time: 23.993 s
[INFO] Finished at: 2025-04-24T11:20:52+08:00
[INFO] Final Memory: 287M/3511M
[INFO] ------------------------------------------------------------------------
